<?xml version="1.0" encoding="UTF-8"?>
<testsuite xmlns:xsi="http://www.w3.org/2001/XMLSchema-instance" xsi:noNamespaceSchemaLocation="https://maven.apache.org/surefire/maven-surefire-plugin/xsd/surefire-test-report-3.0.xsd" version="3.0" name="com.scholarsphere.veridex.authservice.service.AuthServiceLoginSeedTest" time="23.863" tests="3" errors="0" skipped="0" failures="0">
  <properties>
[...]
</properties>
  <testcase name="shouldAuthenticateTheSeededAdminAndUserAccounts" classname="com.scholarsphere.veridex.authservice.service.AuthServiceLoginSeedTest" time="2.135">
    <system-out><![CDATA[23:10:30.680 [main] INFO org.springframework.test.context.support.AnnotationConfigContextLoaderUtils -- Could not detect default configuration classes for test class [com.scholarsphere.veridex.authservice.service.AuthServiceLoginSeedTest]: AuthServiceLoginSeedTest does not declare any static, non-private, non-final, nested classes annotated with @Configuration.
23:10:30.817 [main] INFO org.springframework.boot.test.context.SpringBootTestContextBootstrapper -- Found @SpringBootConfiguration com.scholarsphere.veridex.authservice.AuthServiceApplication for test class com.scholarsphere.veridex.authservice.service.AuthServiceLoginSeedTest

  .   ____          _            __ _ _
 /\\ / ___'_ __ _ _(_)_ __  __ _ \ \ \ \
( ( )\___ | '_ | '_| | '_ \/ _` | \ \ \ \
 \\/  ___)| |_)| | | | | || (_| |  ) ) ) )
  '  |____| .__|_| |_|_| |_\__, | / / / /
 =========|_|==============|___/=/_/_/_/

 :: Spring Boot ::                (v3.3.4)

2026-09-20T23:10:31.493+05:30  INFO 11384 --- [auth-service] [           main] c.s.v.a.s.AuthServiceLoginSeedTest       : Starting AuthServiceLoginSeedTest using Java 21.0.8 with PID 11384 (started by Administrator in D:\Veridex\backend\auth-service)
2026-09-20T23:10:31.495+05:30  INFO 11384 --- [auth-service] [           main] c.s.v.a.s.AuthServiceLoginSeedTest       : No active profile set, falling back to 1 default profile: "default"
2026-09-20T23:10:34.119+05:30  INFO 11384 --- [auth-service] [           main] .s.d.r.c.RepositoryConfigurationDelegate : Bootstrapping Spring Data JPA repositories in DEFAULT mode.
2026-09-20T23:10:34.538+05:30  INFO 11384 --- [auth-service] [           main] .s.d.r.c.RepositoryConfigurationDelegate : Finished Spring Data repository scanning in 392 ms. Found 2 JPA repository interfaces.
2026-09-20T23:10:35.317+05:30  INFO 11384 --- [auth-service] [           main] o.s.cloud.context.scope.GenericScope     : BeanFactory id=308f7d7b-481c-3db2-9ffa-3c2929e3c6e0
2026-09-20T23:10:36.679+05:30  WARN 11384 --- [auth-service] [           main] trationDelegate$BeanPostProcessorChecker : Bean 'org.springframework.cloud.client.loadbalancer.LoadBalancerAutoConfiguration$DeferringLoadBalancerInterceptorConfig' of type [org.springframework.cloud.client.loadbalancer.LoadBalancerAutoConfiguration$DeferringLoadBalancerInterceptorConfig] is not eligible for getting processed by all BeanPostProcessors (for example: not eligible for auto-proxying). The currently created BeanPostProcessor [lbRestClientPostProcessor] is declared through a non-static factory method on that class; consider declaring it as static instead.
2026-09-20T23:10:36.689+05:30  WARN 11384 --- [auth-service] [           main] trationDelegate$BeanPostProcessorChecker : Bean 'deferringLoadBalancerInterceptor' of type [org.springframework.cloud.client.loadbalancer.DeferringLoadBalancerInterceptor] is not eligible for getting processed by all BeanPostProcessors (for example: not eligible for auto-proxying). Is this bean getting eagerly injected into a currently created BeanPostProcessor [lbRestClientPostProcessor]? Check the corresponding BeanPostProcessor declaration and its dependencies.
2026-09-20T23:10:37.528+05:30  INFO 11384 --- [auth-service] [           main] o.hibernate.jpa.internal.util.LogHelper  : HHH000204: Processing PersistenceUnitInfo [name: default]
2026-09-20T23:10:37.761+05:30  INFO 11384 --- [auth-service] [           main] org.hibernate.Version                    : HHH000412: Hibernate ORM core version 6.5.3.Final
2026-09-20T23:10:37.871+05:30  INFO 11384 --- [auth-service] [           main] o.h.c.internal.RegionFactoryInitiator    : HHH000026: Second-level cache disabled
2026-09-20T23:10:38.897+05:30  INFO 11384 --- [auth-service] [           main] o.s.o.j.p.SpringPersistenceUnitInfo      : No LoadTimeWeaver setup: ignoring JPA class transformer
2026-09-20T23:10:38.984+05:30  INFO 11384 --- [auth-service] [           main] com.zaxxer.hikari.HikariDataSource       : HikariPool-1 - Starting...
2026-09-20T23:10:39.440+05:30  INFO 11384 --- [auth-service] [           main] com.zaxxer.hikari.pool.HikariPool        : HikariPool-1 - Added connection com.mysql.cj.jdbc.ConnectionImpl@912747d
2026-09-20T23:10:39.445+05:30  INFO 11384 --- [auth-service] [           main] com.zaxxer.hikari.HikariDataSource       : HikariPool-1 - Start completed.
2026-09-20T23:10:39.590+05:30  WARN 11384 --- [auth-service] [           main] org.hibernate.orm.deprecation            : HHH90000025: MySQLDialect does not need to be specified explicitly using 'hibernate.dialect' (remove the property setting and it will be selected by default)
2026-09-20T23:10:42.037+05:30  INFO 11384 --- [auth-service] [           main] o.h.e.t.j.p.i.JtaPlatformInitiator       : HHH000489: No JTA platform available (set 'hibernate.transaction.jta.platform' to enable JTA platform integration)
2026-09-20T23:10:42.164+05:30  INFO 11384 --- [auth-service] [           main] j.LocalContainerEntityManagerFactoryBean : Initialized JPA EntityManagerFactory for persistence unit 'default'
2026-09-20T23:10:43.845+05:30  WARN 11384 --- [auth-service] [           main] JpaBaseConfiguration$JpaWebConfiguration : spring.jpa.open-in-view is enabled by default. Therefore, database queries may be performed during view rendering. Explicitly configure spring.jpa.open-in-view to disable this warning
2026-09-20T23:10:46.041+05:30  INFO 11384 --- [auth-service] [           main] o.s.b.a.e.web.EndpointLinksResolver      : Exposing 2 endpoints beneath base path '/actuator'
2026-09-20T23:10:48.024+05:30  INFO 11384 --- [auth-service] [           main] DiscoveryClientOptionalArgsConfiguration : Eureka HTTP Client uses RestTemplate.
2026-09-20T23:10:48.215+05:30  WARN 11384 --- [auth-service] [           main] iguration$LoadBalancerCaffeineWarnLogger : Spring Cloud LoadBalancer is currently working with the default cache. While this cache implementation is useful for development and tests, it's recommended to use Caffeine cache in production.You can switch to using Caffeine cache, by adding it and org.springframework.cache.caffeine.CaffeineCacheManager to the classpath.
2026-09-20T23:10:48.415+05:30  INFO 11384 --- [auth-service] [           main] o.s.c.n.eureka.InstanceInfoFactory       : Setting initial instance status as: STARTING
2026-09-20T23:10:48.546+05:30  INFO 11384 --- [auth-service] [           main] com.netflix.discovery.DiscoveryClient    : Initializing Eureka in region us-east-1
2026-09-20T23:10:48.577+05:30  INFO 11384 --- [auth-service] [           main] c.n.d.s.r.aws.ConfigClusterResolver      : Resolving eureka endpoints via configuration
2026-09-20T23:10:48.612+05:30  INFO 11384 --- [auth-service] [           main] com.netflix.discovery.DiscoveryClient    : Disable delta property : false
2026-09-20T23:10:48.612+05:30  INFO 11384 --- [auth-service] [           main] com.netflix.discovery.DiscoveryClient    : Single vip registry refresh property : null
2026-09-20T23:10:48.613+05:30  INFO 11384 --- [auth-service] [           main] com.netflix.discovery.DiscoveryClient    : Force full registry fetch : false
2026-09-20T23:10:48.614+05:30  INFO 11384 --- [auth-service] [           main] com.netflix.discovery.DiscoveryClient    : Application is null : false
2026-09-20T23:10:48.615+05:30  INFO 11384 --- [auth-service] [           main] com.netflix.discovery.DiscoveryClient    : Registered Applications size is zero : true
2026-09-20T23:10:48.615+05:30  INFO 11384 --- [auth-service] [           main] com.netflix.discovery.DiscoveryClient    : Application version is -1: true
2026-09-20T23:10:48.615+05:30  INFO 11384 --- [auth-service] [           main] com.netflix.discovery.DiscoveryClient    : Getting all instance registry info from the eureka server
2026-09-20T23:10:49.765+05:30  INFO 11384 --- [auth-service] [           main] com.netflix.discovery.DiscoveryClient    : The response status is 200
2026-09-20T23:10:49.772+05:30  INFO 11384 --- [auth-service] [           main] com.netflix.discovery.DiscoveryClient    : Starting heartbeat executor: renew interval is: 30
2026-09-20T23:10:49.776+05:30  INFO 11384 --- [auth-service] [           main] c.n.discovery.InstanceInfoReplicator     : InstanceInfoReplicator onDemand update allowed rate per min is 4
2026-09-20T23:10:49.781+05:30  INFO 11384 --- [auth-service] [           main] com.netflix.discovery.DiscoveryClient    : Discovery Client initialized at timestamp 1789926049779 with initial instances count: 5
2026-09-20T23:10:49.805+05:30  INFO 11384 --- [auth-service] [           main] o.s.c.n.e.s.EurekaServiceRegistry        : Registering application AUTH-SERVICE with eureka with status UP
2026-09-20T23:10:49.805+05:30  INFO 11384 --- [auth-service] [           main] com.netflix.discovery.DiscoveryClient    : Saw local status change event StatusChangeEvent [timestamp=1789926049805, current=UP, previous=STARTING]
2026-09-20T23:10:49.809+05:30  INFO 11384 --- [auth-service] [foReplicator-%d] com.netflix.discovery.DiscoveryClient    : DiscoveryClient_AUTH-SERVICE/10.123.18.43:auth-service:9001: registering service...
2026-09-20T23:10:49.862+05:30  INFO 11384 --- [auth-service] [           main] c.s.v.a.s.AuthServiceLoginSeedTest       : Started AuthServiceLoginSeedTest in 18.85 seconds (process running for 20.237)
2026-09-20T23:10:49.972+05:30  INFO 11384 --- [auth-service] [foReplicator-%d] com.netflix.discovery.DiscoveryClient    : DiscoveryClient_AUTH-SERVICE/10.123.18.43:auth-service:9001 - registration status: 204
]]></system-out>
    <system-err><![CDATA[WARNING: A Java agent has been loaded dynamically (C:\Users\Administrator\.m2\repository\net\bytebuddy\byte-buddy-agent\1.14.19\byte-buddy-agent-1.14.19.jar)
WARNING: If a serviceability tool is in use, please run with -XX:+EnableDynamicAgentLoading to hide this warning
WARNING: If a serviceability tool is not in use, please run with -Djdk.instrument.traceUsage for more information
WARNING: Dynamic loading of agents will be disallowed by default in a future release
]]></system-err>
  </testcase>
  <testcase name="shouldSeedTheDefaultCredentialsForLogin" classname="com.scholarsphere.veridex.authservice.service.AuthServiceLoginSeedTest" time="0.034"/>
  <testcase name="shouldListUsersFromTheDatabase" classname="com.scholarsphere.veridex.authservice.service.AuthServiceLoginSeedTest" time="0.033"/>
</testsuite>